[2018-07-07 18:07:24] openblas-lapack-git 1.281.4dd70d98d7481e8a355fd4f43e6630e29a31927a failed after 5s
[2018-07-07 18:12:17] python-git 20180707.062835 successful after 292s
[2018-07-07 18:15:37] scummvm-git 20180707.033834 successful after 199s
[2018-07-07 18:18:10] stone-soup-tiles-git 20180707.044807 successful after 152s
[2018-07-07 18:25:46] supertuxkart-git 20180707.045004 successful after 456s
[2018-07-07 18:26:30] swagger-editor-git 20180707.081750 failed after 44s
[2018-07-07 18:26:30] trayer-srg 1.1.8-1 successful after 20s
[2018-07-07 18:26:50] trayer-srg 1.1.8-1 successful after 20s
[2018-07-07 18:27:06] vim-rust-git 20180707.065817 successful after 15s
[2018-07-08 18:27:06] vim-rust-git 20180707.065817 successful after 15s
[2018-07-07 18:29:37] yuzu-git 20180707.023502 successful after 151s
[2018-08-09 18:10:37] yuzu-git 20180707.023502 successful after 151s
[2018-07-07 18:29:46] julia-git 1.173.6014e7d9ef4d540b645c9b0ddd05f2998a03b31c failed after 8s
[2018-07-07 18:29:46] julia-gitiiiii 1.173.6014e7d9ef4d540b645c9b0ddd05f2998a03b31c failed after 8s
[2018-07-07 18:29:46] julia-gitiiiii 1.173.6014e7d9ef4d540b645c9b0ddd05f2998a03b31c failed after 8s
[2018-07-07 18:29:46] julia-gitiiiii 1.173.6014e7d9ef4d540b645c9b0ddd05f2998a03b31c failed after 8s
[2018-07-07 18:12:17] python-gitiiiiiiiiii 20180707.062835 successful after 292s
[2018-07-07 18:12:17] python-gitiiiiiiiiii 20180707.062835 successful after 292s
[2018-07-07 18:12:17] python-gitiiiiiiiiii 20180707.062835 successful after 292s
[2018-07-09 18:12:00] python-gitiiiiiiiiii 20180707.062835 successful after 292s
[2018-07-09 18:12:00] python-gitiiiiiiiiii 20180707.062835 successful after 292s
[2018-08-09 18:12:00] python-gitiiiiiiiiii 20180707.062835 successful after 292s
[2018-08-10 18:12:00] python-gitiiiiiiiiii 20180707.062835 successful after 292s
[2018-08-11 18:12:00] python-gitiiiiiiiiii 20180707.062835 successful after 292s
[2018-08-12 18:12:00] python-gitiiiiiiiiii 20180707.062835 successful after 292s
[2018-08-13 18:12:00] python-gitiiiiiiiiii 20180707.062835 successful after 292s
[2018-08-14 18:12:00] python-gitiiiiiiiiii 20180707.062835 successful after 292s
[2018-08-15 18:12:00] python-gitiiiiiiiiii 20180707.062835 successful after 292s
[2018-08-15 18:12:00] python-gitiiiiiiiiii 20180707.062835 successful after 292s
[2018-08-16 18:12:00] python-gitiiiiiiiiii 20180707.062835 successful after 292s
[2018-08-17 18:12:00] python-gitiiiiiiiiii 20180707.062835 successful after 292s
